# JRE version: OpenJDK Runtime Environment AdoptOpenJDK (15.0.2+7) (build 15.0.2+7)
# Java VM: OpenJDK 64-Bit Server VM AdoptOpenJDK (15.0.2+7, mixed mode, sharing, tiered, compressed oops, g1 gc, linux-amd64)
GC Precious Log:
 CPUs: 2 total, 2 available
 Memory: 11845M
 Large Page Support: Disabled
 NUMA Support: Disabled
 Compressed Oops: Enabled (Zero based)
 Heap Region Size: 2M
 Heap Min Capacity: 8M
 Heap Initial Capacity: 186M
 Heap Max Capacity: 2962M
 Pre-touch: Disabled
 Parallel Workers: 2
 Concurrent Workers: 1
 Concurrent Refinement Workers: 2
 Periodic GC: Disabled
Heap:
 garbage-first heap   total 194560K, used 19799K [0x0000000746e00000, 0x0000000800000000)
  region size 2048K, 9 young (18432K), 1 survivors (2048K)
 Metaspace       used 13180K, capacity 13357K, committed 13568K, reserved 1060864K
  class space    used 1145K, capacity 1209K, committed 1280K, reserved 1048576K
GC Heap History (6 events):
Event: 0,995 GC heap before
{Heap before GC invocations=0 (full 0):
 garbage-first heap   total 194560K, used 10040K [0x0000000746e00000, 0x0000000800000000)
  region size 2048K, 4 young (8192K), 0 survivors (0K)
 Metaspace       used 2884K, capacity 4533K, committed 4864K, reserved 1056768K
  class space    used 305K, capacity 397K, committed 512K, reserved 1048576K
}
Event: 1,004 GC heap after
{Heap after GC invocations=1 (full 0):
 garbage-first heap   total 194560K, used 4219K [0x0000000746e00000, 0x0000000800000000)
  region size 2048K, 1 young (2048K), 1 survivors (2048K)
 Metaspace       used 2884K, capacity 4533K, committed 4864K, reserved 1056768K
  class space    used 305K, capacity 397K, committed 512K, reserved 1048576K
}
Event: 1,449 GC heap before
{Heap before GC invocations=1 (full 0):
 garbage-first heap   total 194560K, used 10363K [0x0000000746e00000, 0x0000000800000000)
  region size 2048K, 4 young (8192K), 1 survivors (2048K)
 Metaspace       used 3705K, capacity 4617K, committed 4864K, reserved 1056768K
  class space    used 371K, capacity 413K, committed 512K, reserved 1048576K
}
Event: 1,481 GC heap after
{Heap after GC invocations=2 (full 0):
 garbage-first heap   total 194560K, used 5655K [0x0000000746e00000, 0x0000000800000000)
  region size 2048K, 1 young (2048K), 1 survivors (2048K)
 Metaspace       used 3705K, capacity 4617K, committed 4864K, reserved 1056768K
  class space    used 371K, capacity 413K, committed 512K, reserved 1048576K
}
Event: 2,276 GC heap before
{Heap before GC invocations=2 (full 0):
 garbage-first heap   total 194560K, used 13847K [0x0000000746e00000, 0x0000000800000000)
  region size 2048K, 5 young (10240K), 1 survivors (2048K)
 Metaspace       used 7016K, capacity 7186K, committed 7424K, reserved 1056768K
  class space    used 666K, capacity 714K, committed 768K, reserved 1048576K
}
Event: 2,282 GC heap after
{Heap after GC invocations=3 (full 0):
 garbage-first heap   total 194560K, used 5463K [0x0000000746e00000, 0x0000000800000000)
  region size 2048K, 1 young (2048K), 1 survivors (2048K)
 Metaspace       used 7016K, capacity 7186K, committed 7424K, reserved 1056768K
  class space    used 666K, capacity 714K, committed 768K, reserved 1048576K
}

