# JRE version: OpenJDK Runtime Environment (14.0.2+12) (build 14.0.2+12-46)
# Java VM: OpenJDK 64-Bit Server VM (14.0.2+12-46, mixed mode, sharing, tiered, compressed oops, g1 gc, windows-amd64)
Heap:
 garbage-first heap   total 194560K, used 116376K [0x0000000742000000, 0x0000000800000000)
  region size 1024K, 101 young (103424K), 1 survivors (1024K)
 Metaspace       used 15899K, capacity 16171K, committed 16384K, reserved 1064960K
  class space    used 1169K, capacity 1248K, committed 1280K, reserved 1048576K
GC Heap History (20 events):
Event: 771.511 GC heap before
{Heap before GC invocations=20 (full 0):
 garbage-first heap   total 194560K, used 125054K [0x0000000742000000, 0x0000000800000000)
  region size 1024K, 114 young (116736K), 7 survivors (7168K)
 Metaspace       used 15706K, capacity 15866K, committed 16128K, reserved 1064960K
  class space    used 1157K, capacity 1233K, committed 1280K, reserved 1048576K
}
Event: 771.514 GC heap after
{Heap after GC invocations=21 (full 0):
 garbage-first heap   total 194560K, used 14969K [0x0000000742000000, 0x0000000800000000)
  region size 1024K, 6 young (6144K), 6 survivors (6144K)
 Metaspace       used 15706K, capacity 15866K, committed 16128K, reserved 1064960K
  class space    used 1157K, capacity 1233K, committed 1280K, reserved 1048576K
}
Event: 827.603 GC heap before
{Heap before GC invocations=21 (full 0):
 garbage-first heap   total 194560K, used 125561K [0x0000000742000000, 0x0000000800000000)
  region size 1024K, 114 young (116736K), 6 survivors (6144K)
 Metaspace       used 15710K, capacity 15866K, committed 16128K, reserved 1064960K
  class space    used 1157K, capacity 1233K, committed 1280K, reserved 1048576K
}
Event: 827.607 GC heap after
{Heap after GC invocations=22 (full 0):
 garbage-first heap   total 194560K, used 15537K [0x0000000742000000, 0x0000000800000000)
  region size 1024K, 5 young (5120K), 5 survivors (5120K)
 Metaspace       used 15710K, capacity 15866K, committed 16128K, reserved 1064960K
  class space    used 1157K, capacity 1233K, committed 1280K, reserved 1048576K
}
Event: 871.381 GC heap before
{Heap before GC invocations=22 (full 0):
 garbage-first heap   total 194560K, used 127153K [0x0000000742000000, 0x0000000800000000)
  region size 1024K, 114 young (116736K), 5 survivors (5120K)
 Metaspace       used 15710K, capacity 15866K, committed 16128K, reserved 1064960K
  class space    used 1157K, capacity 1233K, committed 1280K, reserved 1048576K
}
Event: 871.383 GC heap after
{Heap after GC invocations=23 (full 0):
 garbage-first heap   total 194560K, used 15421K [0x0000000742000000, 0x0000000800000000)
  region size 1024K, 4 young (4096K), 4 survivors (4096K)
 Metaspace       used 15710K, capacity 15866K, committed 16128K, reserved 1064960K
  class space    used 1157K, capacity 1233K, committed 1280K, reserved 1048576K
}
Event: 915.207 GC heap before
{Heap before GC invocations=23 (full 0):
 garbage-first heap   total 194560K, used 128061K [0x0000000742000000, 0x0000000800000000)
  region size 1024K, 114 young (116736K), 4 survivors (4096K)
 Metaspace       used 15710K, capacity 15866K, committed 16128K, reserved 1064960K
  class space    used 1157K, capacity 1233K, committed 1280K, reserved 1048576K
}
Event: 915.210 GC heap after
{Heap after GC invocations=24 (full 0):
 garbage-first heap   total 194560K, used 15238K [0x0000000742000000, 0x0000000800000000)
  region size 1024K, 3 young (3072K), 3 survivors (3072K)
 Metaspace       used 15710K, capacity 15866K, committed 16128K, reserved 1064960K
  class space    used 1157K, capacity 1233K, committed 1280K, reserved 1048576K
}
Event: 970.944 GC heap before
{Heap before GC invocations=24 (full 0):
 garbage-first heap   total 194560K, used 128902K [0x0000000742000000, 0x0000000800000000)
  region size 1024K, 114 young (116736K), 3 survivors (3072K)
 Metaspace       used 15741K, capacity 15936K, committed 16128K, reserved 1064960K
  class space    used 1159K, capacity 1235K, committed 1280K, reserved 1048576K
}
Event: 970.946 GC heap after
{Heap after GC invocations=25 (full 0):
 garbage-first heap   total 194560K, used 15042K [0x0000000742000000, 0x0000000800000000)
  region size 1024K, 2 young (2048K), 2 survivors (2048K)
 Metaspace       used 15741K, capacity 15936K, committed 16128K, reserved 1064960K
  class space    used 1159K, capacity 1235K, committed 1280K, reserved 1048576K
}
Event: 1019.933 GC heap before
{Heap before GC invocations=25 (full 0):
 garbage-first heap   total 194560K, used 129730K [0x0000000742000000, 0x0000000800000000)
  region size 1024K, 114 young (116736K), 2 survivors (2048K)
 Metaspace       used 15743K, capacity 15936K, committed 16128K, reserved 1064960K
  class space    used 1159K, capacity 1235K, committed 1280K, reserved 1048576K
}
Event: 1019.937 GC heap after
{Heap after GC invocations=26 (full 0):
 garbage-first heap   total 194560K, used 15101K [0x0000000742000000, 0x0000000800000000)
  region size 1024K, 1 young (1024K), 1 survivors (1024K)
 Metaspace       used 15743K, capacity 15936K, committed 16128K, reserved 1064960K
  class space    used 1159K, capacity 1235K, committed 1280K, reserved 1048576K
}
Event: 1065.796 GC heap before
{Heap before GC invocations=26 (full 0):
 garbage-first heap   total 194560K, used 130813K [0x0000000742000000, 0x0000000800000000)
  region size 1024K, 114 young (116736K), 1 survivors (1024K)
 Metaspace       used 15743K, capacity 15936K, committed 16128K, reserved 1064960K
  class space    used 1159K, capacity 1235K, committed 1280K, reserved 1048576K
}
Event: 1065.798 GC heap after
{Heap after GC invocations=27 (full 0):
 garbage-first heap   total 194560K, used 15046K [0x0000000742000000, 0x0000000800000000)
  region size 1024K, 1 young (1024K), 1 survivors (1024K)
 Metaspace       used 15743K, capacity 15936K, committed 16128K, reserved 1064960K
  class space    used 1159K, capacity 1235K, committed 1280K, reserved 1048576K
}
Event: 1114.501 GC heap before
{Heap before GC invocations=27 (full 0):
 garbage-first heap   total 194560K, used 130758K [0x0000000742000000, 0x0000000800000000)
  region size 1024K, 114 young (116736K), 1 survivors (1024K)
 Metaspace       used 15743K, capacity 15936K, committed 16128K, reserved 1064960K
  class space    used 1159K, capacity 1235K, committed 1280K, reserved 1048576K
}
Event: 1114.502 GC heap after
{Heap after GC invocations=28 (full 0):
 garbage-first heap   total 194560K, used 14987K [0x0000000742000000, 0x0000000800000000)
  region size 1024K, 1 young (1024K), 1 survivors (1024K)
 Metaspace       used 15743K, capacity 15936K, committed 16128K, reserved 1064960K
  class space    used 1159K, capacity 1235K, committed 1280K, reserved 1048576K
}
Event: 1162.767 GC heap before
{Heap before GC invocations=28 (full 0):
 garbage-first heap   total 194560K, used 130699K [0x0000000742000000, 0x0000000800000000)
  region size 1024K, 114 young (116736K), 1 survivors (1024K)
 Metaspace       used 15743K, capacity 15936K, committed 16128K, reserved 1064960K
  class space    used 1159K, capacity 1235K, committed 1280K, reserved 1048576K
}
Event: 1162.770 GC heap after
{Heap after GC invocations=29 (full 0):
 garbage-first heap   total 194560K, used 14990K [0x0000000742000000, 0x0000000800000000)
  region size 1024K, 1 young (1024K), 1 survivors (1024K)
 Metaspace       used 15743K, capacity 15936K, committed 16128K, reserved 1064960K
  class space    used 1159K, capacity 1235K, committed 1280K, reserved 1048576K
}
Event: 1214.193 GC heap before
{Heap before GC invocations=29 (full 0):
 garbage-first heap   total 194560K, used 130702K [0x0000000742000000, 0x0000000800000000)
  region size 1024K, 114 young (116736K), 1 survivors (1024K)
 Metaspace       used 15783K, capacity 16000K, committed 16128K, reserved 1064960K
  class space    used 1159K, capacity 1235K, committed 1280K, reserved 1048576K
}
Event: 1214.197 GC heap after
{Heap after GC invocations=30 (full 0):
 garbage-first heap   total 194560K, used 15000K [0x0000000742000000, 0x0000000800000000)
  region size 1024K, 1 young (1024K), 1 survivors (1024K)
 Metaspace       used 15783K, capacity 16000K, committed 16128K, reserved 1064960K
  class space    used 1159K, capacity 1235K, committed 1280K, reserved 1048576K
}

