# JRE version: OpenJDK Runtime Environment (14.0.2+12) (build 14.0.2+12-46)
# Java VM: OpenJDK 64-Bit Server VM (14.0.2+12-46, mixed mode, sharing, tiered, compressed oops, g1 gc, windows-amd64)
Heap:
 garbage-first heap   total 194560K, used 37400K [0x0000000742000000, 0x0000000800000000)
  region size 1024K, 29 young (29696K), 7 survivors (7168K)
 Metaspace       used 16186K, capacity 16441K, committed 16640K, reserved 1064960K
  class space    used 1189K, capacity 1272K, committed 1280K, reserved 1048576K
GC Heap History (20 events):
Event: 2.083 GC heap before
{Heap before GC invocations=1 (full 0):
 garbage-first heap   total 194560K, used 12112K [0x0000000742000000, 0x0000000800000000)
  region size 1024K, 9 young (9216K), 2 survivors (2048K)
 Metaspace       used 10823K, capacity 11010K, committed 11264K, reserved 1058816K
  class space    used 830K, capacity 911K, committed 1024K, reserved 1048576K
}
Event: 2.087 GC heap after
{Heap after GC invocations=2 (full 0):
 garbage-first heap   total 194560K, used 3356K [0x0000000742000000, 0x0000000800000000)
  region size 1024K, 1 young (1024K), 1 survivors (1024K)
 Metaspace       used 10823K, capacity 11010K, committed 11264K, reserved 1058816K
  class space    used 830K, capacity 911K, committed 1024K, reserved 1048576K
}
Event: 5.256 GC heap before
{Heap before GC invocations=2 (full 0):
 garbage-first heap   total 194560K, used 16668K [0x0000000742000000, 0x0000000800000000)
  region size 1024K, 14 young (14336K), 1 survivors (1024K)
 Metaspace       used 12228K, capacity 12450K, committed 12928K, reserved 1060864K
  class space    used 933K, capacity 1007K, committed 1152K, reserved 1048576K
}
Event: 5.265 GC heap after
{Heap after GC invocations=3 (full 0):
 garbage-first heap   total 194560K, used 4716K [0x0000000742000000, 0x0000000800000000)
  region size 1024K, 2 young (2048K), 2 survivors (2048K)
 Metaspace       used 12228K, capacity 12450K, committed 12928K, reserved 1060864K
  class space    used 933K, capacity 1007K, committed 1152K, reserved 1048576K
}
Event: 43.486 GC heap before
{Heap before GC invocations=3 (full 0):
 garbage-first heap   total 194560K, used 119404K [0x0000000742000000, 0x0000000800000000)
  region size 1024K, 114 young (116736K), 2 survivors (2048K)
 Metaspace       used 16120K, capacity 16377K, committed 16640K, reserved 1064960K
  class space    used 1188K, capacity 1272K, committed 1280K, reserved 1048576K
}
Event: 43.495 GC heap after
{Heap after GC invocations=4 (full 0):
 garbage-first heap   total 194560K, used 8814K [0x0000000742000000, 0x0000000800000000)
  region size 1024K, 6 young (6144K), 6 survivors (6144K)
 Metaspace       used 16120K, capacity 16377K, committed 16640K, reserved 1064960K
  class space    used 1188K, capacity 1272K, committed 1280K, reserved 1048576K
}
Event: 78.092 GC heap before
{Heap before GC invocations=4 (full 0):
 garbage-first heap   total 194560K, used 119406K [0x0000000742000000, 0x0000000800000000)
  region size 1024K, 114 young (116736K), 6 survivors (6144K)
 Metaspace       used 16179K, capacity 16377K, committed 16640K, reserved 1064960K
  class space    used 1189K, capacity 1272K, committed 1280K, reserved 1048576K
}
Event: 78.101 GC heap after
{Heap after GC invocations=5 (full 0):
 garbage-first heap   total 194560K, used 10838K [0x0000000742000000, 0x0000000800000000)
  region size 1024K, 8 young (8192K), 8 survivors (8192K)
 Metaspace       used 16179K, capacity 16377K, committed 16640K, reserved 1064960K
  class space    used 1189K, capacity 1272K, committed 1280K, reserved 1048576K
}
Event: 115.124 GC heap before
{Heap before GC invocations=5 (full 0):
 garbage-first heap   total 194560K, used 119382K [0x0000000742000000, 0x0000000800000000)
  region size 1024K, 114 young (116736K), 8 survivors (8192K)
 Metaspace       used 16186K, capacity 16441K, committed 16640K, reserved 1064960K
  class space    used 1189K, capacity 1272K, committed 1280K, reserved 1048576K
}
Event: 115.133 GC heap after
{Heap after GC invocations=6 (full 0):
 garbage-first heap   total 194560K, used 12008K [0x0000000742000000, 0x0000000800000000)
  region size 1024K, 9 young (9216K), 9 survivors (9216K)
 Metaspace       used 16186K, capacity 16441K, committed 16640K, reserved 1064960K
  class space    used 1189K, capacity 1272K, committed 1280K, reserved 1048576K
}
Event: 156.129 GC heap before
{Heap before GC invocations=6 (full 0):
 garbage-first heap   total 194560K, used 119528K [0x0000000742000000, 0x0000000800000000)
  region size 1024K, 114 young (116736K), 9 survivors (9216K)
 Metaspace       used 16186K, capacity 16441K, committed 16640K, reserved 1064960K
  class space    used 1189K, capacity 1272K, committed 1280K, reserved 1048576K
}
Event: 156.138 GC heap after
{Heap after GC invocations=7 (full 0):
 garbage-first heap   total 194560K, used 13803K [0x0000000742000000, 0x0000000800000000)
  region size 1024K, 9 young (9216K), 9 survivors (9216K)
 Metaspace       used 16186K, capacity 16441K, committed 16640K, reserved 1064960K
  class space    used 1189K, capacity 1272K, committed 1280K, reserved 1048576K
}
Event: 191.269 GC heap before
{Heap before GC invocations=7 (full 0):
 garbage-first heap   total 194560K, used 121323K [0x0000000742000000, 0x0000000800000000)
  region size 1024K, 114 young (116736K), 9 survivors (9216K)
 Metaspace       used 16186K, capacity 16441K, committed 16640K, reserved 1064960K
  class space    used 1189K, capacity 1272K, committed 1280K, reserved 1048576K
}
Event: 191.277 GC heap after
{Heap after GC invocations=8 (full 0):
 garbage-first heap   total 194560K, used 15896K [0x0000000742000000, 0x0000000800000000)
  region size 1024K, 7 young (7168K), 7 survivors (7168K)
 Metaspace       used 16186K, capacity 16441K, committed 16640K, reserved 1064960K
  class space    used 1189K, capacity 1272K, committed 1280K, reserved 1048576K
}
Event: 224.700 GC heap before
{Heap before GC invocations=8 (full 0):
 garbage-first heap   total 194560K, used 125464K [0x0000000742000000, 0x0000000800000000)
  region size 1024K, 114 young (116736K), 7 survivors (7168K)
 Metaspace       used 16186K, capacity 16441K, committed 16640K, reserved 1064960K
  class space    used 1189K, capacity 1272K, committed 1280K, reserved 1048576K
}
Event: 224.703 GC heap after
{Heap after GC invocations=9 (full 0):
 garbage-first heap   total 194560K, used 16408K [0x0000000742000000, 0x0000000800000000)
  region size 1024K, 8 young (8192K), 8 survivors (8192K)
 Metaspace       used 16186K, capacity 16441K, committed 16640K, reserved 1064960K
  class space    used 1189K, capacity 1272K, committed 1280K, reserved 1048576K
}
Event: 258.041 GC heap before
{Heap before GC invocations=9 (full 0):
 garbage-first heap   total 194560K, used 124952K [0x0000000742000000, 0x0000000800000000)
  region size 1024K, 114 young (116736K), 8 survivors (8192K)
 Metaspace       used 16186K, capacity 16441K, committed 16640K, reserved 1064960K
  class space    used 1189K, capacity 1272K, committed 1280K, reserved 1048576K
}
Event: 258.044 GC heap after
{Heap after GC invocations=10 (full 0):
 garbage-first heap   total 194560K, used 15896K [0x0000000742000000, 0x0000000800000000)
  region size 1024K, 7 young (7168K), 7 survivors (7168K)
 Metaspace       used 16186K, capacity 16441K, committed 16640K, reserved 1064960K
  class space    used 1189K, capacity 1272K, committed 1280K, reserved 1048576K
}
Event: 292.071 GC heap before
{Heap before GC invocations=10 (full 0):
 garbage-first heap   total 194560K, used 125464K [0x0000000742000000, 0x0000000800000000)
  region size 1024K, 114 young (116736K), 7 survivors (7168K)
 Metaspace       used 16186K, capacity 16441K, committed 16640K, reserved 1064960K
  class space    used 1189K, capacity 1272K, committed 1280K, reserved 1048576K
}
Event: 292.074 GC heap after
{Heap after GC invocations=11 (full 0):
 garbage-first heap   total 194560K, used 15896K [0x0000000742000000, 0x0000000800000000)
  region size 1024K, 7 young (7168K), 7 survivors (7168K)
 Metaspace       used 16186K, capacity 16441K, committed 16640K, reserved 1064960K
  class space    used 1189K, capacity 1272K, committed 1280K, reserved 1048576K
}

