# JRE version: OpenJDK Runtime Environment (14.0.1+7) (build 14.0.1+7-Ubuntu-1ubuntu1)
# Java VM: OpenJDK 64-Bit Server VM (14.0.1+7-Ubuntu-1ubuntu1, mixed mode, sharing, tiered, compressed oops, g1 gc, linux-amd64)
Heap:
 garbage-first heap   total 343040K, used 292942K [0x0000000746e00000, 0x0000000800000000)
  region size 1024K, 94 young (96256K), 8 survivors (8192K)
 Metaspace       used 20411K, capacity 20816K, committed 21376K, reserved 1069056K
  class space    used 1643K, capacity 1813K, committed 1920K, reserved 1048576K
GC Heap History (20 events):
Event: 3324.959 GC heap before
{Heap before GC invocations=154 (full 0):
 garbage-first heap   total 321536K, used 279583K [0x0000000746e00000, 0x0000000800000000)
  region size 1024K, 94 young (96256K), 7 survivors (7168K)
 Metaspace       used 20402K, capacity 20752K, committed 21376K, reserved 1069056K
  class space    used 1642K, capacity 1813K, committed 1920K, reserved 1048576K
}
Event: 3324.971 GC heap after
{Heap after GC invocations=155 (full 0):
 garbage-first heap   total 321536K, used 192451K [0x0000000746e00000, 0x0000000800000000)
  region size 1024K, 7 young (7168K), 7 survivors (7168K)
 Metaspace       used 20402K, capacity 20752K, committed 21376K, reserved 1069056K
  class space    used 1642K, capacity 1813K, committed 1920K, reserved 1048576K
}
Event: 3352.035 GC heap before
{Heap before GC invocations=156 (full 0):
 garbage-first heap   total 326656K, used 279491K [0x0000000746e00000, 0x0000000800000000)
  region size 1024K, 92 young (94208K), 7 survivors (7168K)
 Metaspace       used 20402K, capacity 20752K, committed 21376K, reserved 1069056K
  class space    used 1642K, capacity 1813K, committed 1920K, reserved 1048576K
}
Event: 3352.053 GC heap after
{Heap after GC invocations=157 (full 0):
 garbage-first heap   total 326656K, used 193836K [0x0000000746e00000, 0x0000000800000000)
  region size 1024K, 7 young (7168K), 7 survivors (7168K)
 Metaspace       used 20402K, capacity 20752K, committed 21376K, reserved 1069056K
  class space    used 1642K, capacity 1813K, committed 1920K, reserved 1048576K
}
Event: 3380.123 GC heap before
{Heap before GC invocations=157 (full 0):
 garbage-first heap   total 326656K, used 284972K [0x0000000746e00000, 0x0000000800000000)
  region size 1024K, 96 young (98304K), 7 survivors (7168K)
 Metaspace       used 20402K, capacity 20752K, committed 21376K, reserved 1069056K
  class space    used 1642K, capacity 1813K, committed 1920K, reserved 1048576K
}
Event: 3380.138 GC heap after
{Heap after GC invocations=158 (full 0):
 garbage-first heap   total 326656K, used 195131K [0x0000000746e00000, 0x0000000800000000)
  region size 1024K, 7 young (7168K), 7 survivors (7168K)
 Metaspace       used 20402K, capacity 20752K, committed 21376K, reserved 1069056K
  class space    used 1642K, capacity 1813K, committed 1920K, reserved 1048576K
}
Event: 3407.750 GC heap before
{Heap before GC invocations=159 (full 0):
 garbage-first heap   total 329728K, used 284219K [0x0000000746e00000, 0x0000000800000000)
  region size 1024K, 94 young (96256K), 7 survivors (7168K)
 Metaspace       used 20402K, capacity 20752K, committed 21376K, reserved 1069056K
  class space    used 1642K, capacity 1813K, committed 1920K, reserved 1048576K
}
Event: 3407.769 GC heap after
{Heap after GC invocations=160 (full 0):
 garbage-first heap   total 329728K, used 196547K [0x0000000746e00000, 0x0000000800000000)
  region size 1024K, 7 young (7168K), 7 survivors (7168K)
 Metaspace       used 20402K, capacity 20752K, committed 21376K, reserved 1069056K
  class space    used 1642K, capacity 1813K, committed 1920K, reserved 1048576K
}
Event: 3435.533 GC heap before
{Heap before GC invocations=160 (full 0):
 garbage-first heap   total 329728K, used 286659K [0x0000000746e00000, 0x0000000800000000)
  region size 1024K, 95 young (97280K), 7 survivors (7168K)
 Metaspace       used 20402K, capacity 20752K, committed 21376K, reserved 1069056K
  class space    used 1642K, capacity 1813K, committed 1920K, reserved 1048576K
}
Event: 3435.545 GC heap after
{Heap after GC invocations=161 (full 0):
 garbage-first heap   total 329728K, used 197831K [0x0000000746e00000, 0x0000000800000000)
  region size 1024K, 7 young (7168K), 7 survivors (7168K)
 Metaspace       used 20402K, capacity 20752K, committed 21376K, reserved 1069056K
  class space    used 1642K, capacity 1813K, committed 1920K, reserved 1048576K
}
Event: 3463.181 GC heap before
{Heap before GC invocations=162 (full 0):
 garbage-first heap   total 334848K, used 286919K [0x0000000746e00000, 0x0000000800000000)
  region size 1024K, 94 young (96256K), 7 survivors (7168K)
 Metaspace       used 20402K, capacity 20752K, committed 21376K, reserved 1069056K
  class space    used 1642K, capacity 1813K, committed 1920K, reserved 1048576K
}
Event: 3463.199 GC heap after
{Heap after GC invocations=163 (full 0):
 garbage-first heap   total 334848K, used 199233K [0x0000000746e00000, 0x0000000800000000)
  region size 1024K, 7 young (7168K), 7 survivors (7168K)
 Metaspace       used 20402K, capacity 20752K, committed 21376K, reserved 1069056K
  class space    used 1642K, capacity 1813K, committed 1920K, reserved 1048576K
}
Event: 3492.028 GC heap before
{Heap before GC invocations=163 (full 0):
 garbage-first heap   total 334848K, used 292417K [0x0000000746e00000, 0x0000000800000000)
  region size 1024K, 98 young (100352K), 7 survivors (7168K)
 Metaspace       used 20402K, capacity 20752K, committed 21376K, reserved 1069056K
  class space    used 1642K, capacity 1813K, committed 1920K, reserved 1048576K
}
Event: 3492.040 GC heap after
{Heap after GC invocations=164 (full 0):
 garbage-first heap   total 334848K, used 200647K [0x0000000746e00000, 0x0000000800000000)
  region size 1024K, 7 young (7168K), 7 survivors (7168K)
 Metaspace       used 20402K, capacity 20752K, committed 21376K, reserved 1069056K
  class space    used 1642K, capacity 1813K, committed 1920K, reserved 1048576K
}
Event: 3519.895 GC heap before
{Heap before GC invocations=165 (full 0):
 garbage-first heap   total 339968K, used 290759K [0x0000000746e00000, 0x0000000800000000)
  region size 1024K, 95 young (97280K), 7 survivors (7168K)
 Metaspace       used 20402K, capacity 20752K, committed 21376K, reserved 1069056K
  class space    used 1642K, capacity 1813K, committed 1920K, reserved 1048576K
}
Event: 3519.906 GC heap after
{Heap after GC invocations=166 (full 0):
 garbage-first heap   total 339968K, used 202060K [0x0000000746e00000, 0x0000000800000000)
  region size 1024K, 7 young (7168K), 7 survivors (7168K)
 Metaspace       used 20402K, capacity 20752K, committed 21376K, reserved 1069056K
  class space    used 1642K, capacity 1813K, committed 1920K, reserved 1048576K
}
Event: 3548.962 GC heap before
{Heap before GC invocations=166 (full 0):
 garbage-first heap   total 339968K, used 296268K [0x0000000746e00000, 0x0000000800000000)
  region size 1024K, 99 young (101376K), 7 survivors (7168K)
 Metaspace       used 20402K, capacity 20752K, committed 21376K, reserved 1069056K
  class space    used 1642K, capacity 1813K, committed 1920K, reserved 1048576K
}
Event: 3548.978 GC heap after
{Heap after GC invocations=167 (full 0):
 garbage-first heap   total 339968K, used 203504K [0x0000000746e00000, 0x0000000800000000)
  region size 1024K, 7 young (7168K), 7 survivors (7168K)
 Metaspace       used 20402K, capacity 20752K, committed 21376K, reserved 1069056K
  class space    used 1642K, capacity 1813K, committed 1920K, reserved 1048576K
}
Event: 3577.821 GC heap before
{Heap before GC invocations=168 (full 0):
 garbage-first heap   total 343040K, used 296688K [0x0000000746e00000, 0x0000000800000000)
  region size 1024K, 98 young (100352K), 7 survivors (7168K)
 Metaspace       used 20402K, capacity 20752K, committed 21376K, reserved 1069056K
  class space    used 1642K, capacity 1813K, committed 1920K, reserved 1048576K
}
Event: 3577.838 GC heap after
{Heap after GC invocations=169 (full 0):
 garbage-first heap   total 343040K, used 205902K [0x0000000746e00000, 0x0000000800000000)
  region size 1024K, 8 young (8192K), 8 survivors (8192K)
 Metaspace       used 20402K, capacity 20752K, committed 21376K, reserved 1069056K
  class space    used 1642K, capacity 1813K, committed 1920K, reserved 1048576K
}

