# JRE version: OpenJDK Runtime Environment (14.0.2+12) (build 14.0.2+12-46)
# Java VM: OpenJDK 64-Bit Server VM (14.0.2+12-46, mixed mode, sharing, tiered, compressed oops, g1 gc, windows-amd64)
Heap:
 garbage-first heap   total 194560K, used 77435K [0x0000000742000000, 0x0000000800000000)
  region size 1024K, 69 young (70656K), 8 survivors (8192K)
 Metaspace       used 16305K, capacity 16525K, committed 16640K, reserved 1064960K
  class space    used 1195K, capacity 1278K, committed 1280K, reserved 1048576K
GC Heap History (20 events):
Event: 1.211 GC heap before
{Heap before GC invocations=0 (full 0):
 garbage-first heap   total 194560K, used 8192K [0x0000000742000000, 0x0000000800000000)
  region size 1024K, 9 young (9216K), 0 survivors (0K)
 Metaspace       used 6250K, capacity 6807K, committed 7040K, reserved 1056768K
  class space    used 543K, capacity 591K, committed 640K, reserved 1048576K
}
Event: 1.218 GC heap after
{Heap after GC invocations=1 (full 0):
 garbage-first heap   total 194560K, used 2869K [0x0000000742000000, 0x0000000800000000)
  region size 1024K, 2 young (2048K), 2 survivors (2048K)
 Metaspace       used 6250K, capacity 6807K, committed 7040K, reserved 1056768K
  class space    used 543K, capacity 591K, committed 640K, reserved 1048576K
}
Event: 1.788 GC heap before
{Heap before GC invocations=1 (full 0):
 garbage-first heap   total 194560K, used 12085K [0x0000000742000000, 0x0000000800000000)
  region size 1024K, 9 young (9216K), 2 survivors (2048K)
 Metaspace       used 10831K, capacity 11010K, committed 11264K, reserved 1058816K
  class space    used 828K, capacity 911K, committed 1024K, reserved 1048576K
}
Event: 1.792 GC heap after
{Heap after GC invocations=2 (full 0):
 garbage-first heap   total 194560K, used 3315K [0x0000000742000000, 0x0000000800000000)
  region size 1024K, 1 young (1024K), 1 survivors (1024K)
 Metaspace       used 10831K, capacity 11010K, committed 11264K, reserved 1058816K
  class space    used 828K, capacity 911K, committed 1024K, reserved 1048576K
}
Event: 2.591 GC heap before
{Heap before GC invocations=2 (full 0):
 garbage-first heap   total 194560K, used 16627K [0x0000000742000000, 0x0000000800000000)
  region size 1024K, 14 young (14336K), 1 survivors (1024K)
 Metaspace       used 12239K, capacity 12450K, committed 12928K, reserved 1060864K
  class space    used 933K, capacity 1007K, committed 1152K, reserved 1048576K
}
Event: 2.600 GC heap after
{Heap after GC invocations=3 (full 0):
 garbage-first heap   total 194560K, used 4695K [0x0000000742000000, 0x0000000800000000)
  region size 1024K, 2 young (2048K), 2 survivors (2048K)
 Metaspace       used 12239K, capacity 12450K, committed 12928K, reserved 1060864K
  class space    used 933K, capacity 1007K, committed 1152K, reserved 1048576K
}
Event: 46.574 GC heap before
{Heap before GC invocations=3 (full 0):
 garbage-first heap   total 194560K, used 119383K [0x0000000742000000, 0x0000000800000000)
  region size 1024K, 114 young (116736K), 2 survivors (2048K)
 Metaspace       used 16039K, capacity 16313K, committed 16384K, reserved 1064960K
  class space    used 1188K, capacity 1272K, committed 1280K, reserved 1048576K
}
Event: 46.584 GC heap after
{Heap after GC invocations=4 (full 0):
 garbage-first heap   total 194560K, used 8328K [0x0000000742000000, 0x0000000800000000)
  region size 1024K, 6 young (6144K), 6 survivors (6144K)
 Metaspace       used 16039K, capacity 16313K, committed 16384K, reserved 1064960K
  class space    used 1188K, capacity 1272K, committed 1280K, reserved 1048576K
}
Event: 83.997 GC heap before
{Heap before GC invocations=4 (full 0):
 garbage-first heap   total 194560K, used 136328K [0x0000000742000000, 0x0000000800000000)
  region size 1024K, 114 young (116736K), 6 survivors (6144K)
 Metaspace       used 16232K, capacity 16460K, committed 16640K, reserved 1064960K
  class space    used 1195K, capacity 1278K, committed 1280K, reserved 1048576K
}
Event: 84.005 GC heap after
{Heap after GC invocations=5 (full 0):
 garbage-first heap   total 194560K, used 12817K [0x0000000742000000, 0x0000000800000000)
  region size 1024K, 7 young (7168K), 7 survivors (7168K)
 Metaspace       used 16232K, capacity 16460K, committed 16640K, reserved 1064960K
  class space    used 1195K, capacity 1278K, committed 1280K, reserved 1048576K
}
Event: 119.561 GC heap before
{Heap before GC invocations=5 (full 0):
 garbage-first heap   total 194560K, used 167441K [0x0000000742000000, 0x0000000800000000)
  region size 1024K, 114 young (116736K), 7 survivors (7168K)
 Metaspace       used 16285K, capacity 16525K, committed 16640K, reserved 1064960K
  class space    used 1195K, capacity 1278K, committed 1280K, reserved 1048576K
}
Event: 119.569 GC heap after
{Heap after GC invocations=6 (full 0):
 garbage-first heap   total 194560K, used 10949K [0x0000000742000000, 0x0000000800000000)
  region size 1024K, 8 young (8192K), 8 survivors (8192K)
 Metaspace       used 16285K, capacity 16525K, committed 16640K, reserved 1064960K
  class space    used 1195K, capacity 1278K, committed 1280K, reserved 1048576K
}
Event: 154.394 GC heap before
{Heap before GC invocations=6 (full 0):
 garbage-first heap   total 194560K, used 119493K [0x0000000742000000, 0x0000000800000000)
  region size 1024K, 114 young (116736K), 8 survivors (8192K)
 Metaspace       used 16305K, capacity 16525K, committed 16640K, reserved 1064960K
  class space    used 1195K, capacity 1278K, committed 1280K, reserved 1048576K
}
Event: 154.402 GC heap after
{Heap after GC invocations=7 (full 0):
 garbage-first heap   total 194560K, used 12485K [0x0000000742000000, 0x0000000800000000)
  region size 1024K, 10 young (10240K), 10 survivors (10240K)
 Metaspace       used 16305K, capacity 16525K, committed 16640K, reserved 1064960K
  class space    used 1195K, capacity 1278K, committed 1280K, reserved 1048576K
}
Event: 188.541 GC heap before
{Heap before GC invocations=7 (full 0):
 garbage-first heap   total 194560K, used 118981K [0x0000000742000000, 0x0000000800000000)
  region size 1024K, 114 young (116736K), 10 survivors (10240K)
 Metaspace       used 16305K, capacity 16525K, committed 16640K, reserved 1064960K
  class space    used 1195K, capacity 1278K, committed 1280K, reserved 1048576K
}
Event: 188.550 GC heap after
{Heap after GC invocations=8 (full 0):
 garbage-first heap   total 194560K, used 13761K [0x0000000742000000, 0x0000000800000000)
  region size 1024K, 9 young (9216K), 9 survivors (9216K)
 Metaspace       used 16305K, capacity 16525K, committed 16640K, reserved 1064960K
  class space    used 1195K, capacity 1278K, committed 1280K, reserved 1048576K
}
Event: 222.640 GC heap before
{Heap before GC invocations=8 (full 0):
 garbage-first heap   total 194560K, used 121281K [0x0000000742000000, 0x0000000800000000)
  region size 1024K, 114 young (116736K), 9 survivors (9216K)
 Metaspace       used 16305K, capacity 16525K, committed 16640K, reserved 1064960K
  class space    used 1195K, capacity 1278K, committed 1280K, reserved 1048576K
}
Event: 222.648 GC heap after
{Heap after GC invocations=9 (full 0):
 garbage-first heap   total 194560K, used 15995K [0x0000000742000000, 0x0000000800000000)
  region size 1024K, 8 young (8192K), 8 survivors (8192K)
 Metaspace       used 16305K, capacity 16525K, committed 16640K, reserved 1064960K
  class space    used 1195K, capacity 1278K, committed 1280K, reserved 1048576K
}
Event: 256.914 GC heap before
{Heap before GC invocations=9 (full 0):
 garbage-first heap   total 194560K, used 124539K [0x0000000742000000, 0x0000000800000000)
  region size 1024K, 114 young (116736K), 8 survivors (8192K)
 Metaspace       used 16305K, capacity 16525K, committed 16640K, reserved 1064960K
  class space    used 1195K, capacity 1278K, committed 1280K, reserved 1048576K
}
Event: 256.917 GC heap after
{Heap after GC invocations=10 (full 0):
 garbage-first heap   total 194560K, used 15995K [0x0000000742000000, 0x0000000800000000)
  region size 1024K, 8 young (8192K), 8 survivors (8192K)
 Metaspace       used 16305K, capacity 16525K, committed 16640K, reserved 1064960K
  class space    used 1195K, capacity 1278K, committed 1280K, reserved 1048576K
}

